# JRE version: OpenJDK Runtime Environment (17.0.9+9) (build 17.0.9+9-Ubuntu-123.10)
# Java VM: OpenJDK 64-Bit Server VM (17.0.9+9-Ubuntu-123.10, mixed mode, sharing, tiered, compressed oops, compressed class ptrs, g1 gc, linux-amd64)
GC Precious Log:
 CPUs: 8 total, 8 available
 Memory: 15782M
 Large Page Support: Disabled
 NUMA Support: Disabled
 Compressed Oops: Enabled (Zero based)
 Heap Region Size: 2M
 Heap Min Capacity: 8M
 Heap Initial Capacity: 248M
 Heap Max Capacity: 3946M
 Pre-touch: Disabled
 Parallel Workers: 8
 Concurrent Workers: 2
 Concurrent Refinement Workers: 8
 Periodic GC: Disabled
Heap:
 garbage-first heap   total 51200K, used 20448K [0x0000000709600000, 0x0000000800000000)
  region size 2048K, 7 young (14336K), 2 survivors (4096K)
 Metaspace       used 30973K, committed 31424K, reserved 1114112K
  class space    used 3880K, committed 4096K, reserved 1048576K
GC Heap History (12 events):
Event: 0.200 GC heap before
{Heap before GC invocations=0 (full 0):
 garbage-first heap   total 258048K, used 22448K [0x0000000709600000, 0x0000000800000000)
  region size 2048K, 11 young (22528K), 0 survivors (0K)
 Metaspace       used 3485K, committed 3712K, reserved 1114112K
  class space    used 353K, committed 512K, reserved 1048576K
}
Event: 0.201 GC heap after
{Heap after GC invocations=1 (full 0):
 garbage-first heap   total 258048K, used 3640K [0x0000000709600000, 0x0000000800000000)
  region size 2048K, 1 young (2048K), 1 survivors (2048K)
 Metaspace       used 3485K, committed 3712K, reserved 1114112K
  class space    used 353K, committed 512K, reserved 1048576K
}
Event: 0.468 GC heap before
{Heap before GC invocations=1 (full 0):
 garbage-first heap   total 258048K, used 46648K [0x0000000709600000, 0x0000000800000000)
  region size 2048K, 22 young (45056K), 1 survivors (2048K)
 Metaspace       used 9033K, committed 9344K, reserved 1114112K
  class space    used 1155K, committed 1280K, reserved 1048576K
}
Event: 0.470 GC heap after
{Heap after GC invocations=2 (full 0):
 garbage-first heap   total 258048K, used 5175K [0x0000000709600000, 0x0000000800000000)
  region size 2048K, 2 young (4096K), 2 survivors (4096K)
 Metaspace       used 9033K, committed 9344K, reserved 1114112K
  class space    used 1155K, committed 1280K, reserved 1048576K
}
Event: 1.008 GC heap before
{Heap before GC invocations=2 (full 0):
 garbage-first heap   total 258048K, used 130103K [0x0000000709600000, 0x0000000800000000)
  region size 2048K, 65 young (133120K), 2 survivors (4096K)
 Metaspace       used 21164K, committed 21504K, reserved 1114112K
  class space    used 2712K, committed 2880K, reserved 1048576K
}
Event: 1.012 GC heap after
{Heap after GC invocations=3 (full 0):
 garbage-first heap   total 258048K, used 9940K [0x0000000709600000, 0x0000000800000000)
  region size 2048K, 4 young (8192K), 4 survivors (8192K)
 Metaspace       used 21164K, committed 21504K, reserved 1114112K
  class space    used 2712K, committed 2880K, reserved 1048576K
}
Event: 1.180 GC heap before
{Heap before GC invocations=4 (full 0):
 garbage-first heap   total 49152K, used 36564K [0x0000000709600000, 0x0000000800000000)
  region size 2048K, 18 young (36864K), 4 survivors (8192K)
 Metaspace       used 24795K, committed 25216K, reserved 1114112K
  class space    used 3138K, committed 3328K, reserved 1048576K
}
Event: 1.185 GC heap after
{Heap after GC invocations=5 (full 0):
 garbage-first heap   total 51200K, used 12092K [0x0000000709600000, 0x0000000800000000)
  region size 2048K, 5 young (10240K), 5 survivors (10240K)
 Metaspace       used 24795K, committed 25216K, reserved 1114112K
  class space    used 3138K, committed 3328K, reserved 1048576K
}
Event: 1.301 GC heap before
{Heap before GC invocations=5 (full 0):
 garbage-first heap   total 51200K, used 32572K [0x0000000709600000, 0x0000000800000000)
  region size 2048K, 15 young (30720K), 5 survivors (10240K)
 Metaspace       used 26569K, committed 26944K, reserved 1114112K
  class space    used 3359K, committed 3520K, reserved 1048576K
}
Event: 1.305 GC heap after
{Heap after GC invocations=6 (full 0):
 garbage-first heap   total 51200K, used 13276K [0x0000000709600000, 0x0000000800000000)
  region size 2048K, 2 young (4096K), 2 survivors (4096K)
 Metaspace       used 26569K, committed 26944K, reserved 1114112K
  class space    used 3359K, committed 3520K, reserved 1048576K
}
Event: 3.916 GC heap before
{Heap before GC invocations=6 (full 0):
 garbage-first heap   total 51200K, used 35804K [0x0000000709600000, 0x0000000800000000)
  region size 2048K, 13 young (26624K), 2 survivors (4096K)
 Metaspace       used 29348K, committed 29824K, reserved 1114112K
  class space    used 3715K, committed 3968K, reserved 1048576K
}
Event: 3.919 GC heap after
{Heap after GC invocations=7 (full 0):
 garbage-first heap   total 51200K, used 14304K [0x0000000709600000, 0x0000000800000000)
  region size 2048K, 2 young (4096K), 2 survivors (4096K)
 Metaspace       used 29348K, committed 29824K, reserved 1114112K
  class space    used 3715K, committed 3968K, reserved 1048576K
}

